0 info it worked if it ends with ok
1 verbose cli [ 'c:\\Program Files\\nodejs\\node.exe',
1 verbose cli   'c:\\Program Files\\nodejs\\node_modules\\npm\\bin\\npm-cli.js',
1 verbose cli   'publish' ]
2 info using npm@1.4.9
3 info using node@v0.10.28
4 verbose publish [ '.' ]
5 verbose cache add [ '.', null ]
6 verbose cache add name=undefined spec="." args=[".",null]
7 verbose parsed url { protocol: null,
7 verbose parsed url   slashes: null,
7 verbose parsed url   auth: null,
7 verbose parsed url   host: null,
7 verbose parsed url   port: null,
7 verbose parsed url   hostname: null,
7 verbose parsed url   hash: null,
7 verbose parsed url   search: null,
7 verbose parsed url   query: null,
7 verbose parsed url   pathname: '.',
7 verbose parsed url   path: '.',
7 verbose parsed url   href: '.' }
8 silly lockFile 3a52ce78- .
9 verbose lock . C:\Users\monolithOG\AppData\Roaming\npm-cache\3a52ce78-.lock
10 verbose tar pack [ 'C:\\Users\\MONOLI~1\\AppData\\Local\\Temp\\npm-11060-LzgQwMkA\\1402641633354-0.7846541041508317\\tmp.tgz',
10 verbose tar pack   '.' ]
11 verbose tarball C:\Users\MONOLI~1\AppData\Local\Temp\npm-11060-LzgQwMkA\1402641633354-0.7846541041508317\tmp.tgz
12 verbose folder .
13 info prepublish procecutor@0.0.3
14 silly lockFile 1f1177db-tar tar://.
15 verbose lock tar://. C:\Users\monolithOG\AppData\Roaming\npm-cache\1f1177db-tar.lock
16 silly lockFile c5a383d3-33354-0-7846541041508317-tmp-tgz tar://C:\Users\MONOLI~1\AppData\Local\Temp\npm-11060-LzgQwMkA\1402641633354-0.7846541041508317\tmp.tgz
17 verbose lock tar://C:\Users\MONOLI~1\AppData\Local\Temp\npm-11060-LzgQwMkA\1402641633354-0.7846541041508317\tmp.tgz C:\Users\monolithOG\AppData\Roaming\npm-cache\c5a383d3-33354-0-7846541041508317-tmp-tgz.lock
18 silly lockFile 1f1177db-tar tar://.
19 silly lockFile 1f1177db-tar tar://.
20 silly lockFile c5a383d3-33354-0-7846541041508317-tmp-tgz tar://C:\Users\MONOLI~1\AppData\Local\Temp\npm-11060-LzgQwMkA\1402641633354-0.7846541041508317\tmp.tgz
21 silly lockFile c5a383d3-33354-0-7846541041508317-tmp-tgz tar://C:\Users\MONOLI~1\AppData\Local\Temp\npm-11060-LzgQwMkA\1402641633354-0.7846541041508317\tmp.tgz
22 verbose tar unpack C:\Users\MONOLI~1\AppData\Local\Temp\npm-11060-LzgQwMkA\1402641633354-0.7846541041508317\tmp.tgz
23 silly lockFile b6c3e62b-m-cache-procecutor-0-0-3-package tar://C:\Users\monolithOG\AppData\Roaming\npm-cache\procecutor\0.0.3\package
24 verbose lock tar://C:\Users\monolithOG\AppData\Roaming\npm-cache\procecutor\0.0.3\package C:\Users\monolithOG\AppData\Roaming\npm-cache\b6c3e62b-m-cache-procecutor-0-0-3-package.lock
25 silly lockFile c5a383d3-33354-0-7846541041508317-tmp-tgz tar://C:\Users\MONOLI~1\AppData\Local\Temp\npm-11060-LzgQwMkA\1402641633354-0.7846541041508317\tmp.tgz
26 verbose lock tar://C:\Users\MONOLI~1\AppData\Local\Temp\npm-11060-LzgQwMkA\1402641633354-0.7846541041508317\tmp.tgz C:\Users\monolithOG\AppData\Roaming\npm-cache\c5a383d3-33354-0-7846541041508317-tmp-tgz.lock
27 silly gunzTarPerm modes [ '755', '644' ]
28 silly gunzTarPerm extractEntry package.json
29 silly gunzTarPerm modified mode [ 'package.json', 438, 420 ]
30 silly gunzTarPerm extractEntry README.md
31 silly gunzTarPerm modified mode [ 'README.md', 438, 420 ]
32 silly gunzTarPerm extractEntry LICENSE
33 silly gunzTarPerm modified mode [ 'LICENSE', 438, 420 ]
34 silly gunzTarPerm extractEntry lib/child.js
35 silly gunzTarPerm modified mode [ 'lib/child.js', 438, 420 ]
36 silly gunzTarPerm extractEntry lib/procecutor.js
37 silly gunzTarPerm modified mode [ 'lib/procecutor.js', 438, 420 ]
38 silly lockFile b6c3e62b-m-cache-procecutor-0-0-3-package tar://C:\Users\monolithOG\AppData\Roaming\npm-cache\procecutor\0.0.3\package
39 silly lockFile b6c3e62b-m-cache-procecutor-0-0-3-package tar://C:\Users\monolithOG\AppData\Roaming\npm-cache\procecutor\0.0.3\package
40 silly lockFile c5a383d3-33354-0-7846541041508317-tmp-tgz tar://C:\Users\MONOLI~1\AppData\Local\Temp\npm-11060-LzgQwMkA\1402641633354-0.7846541041508317\tmp.tgz
41 silly lockFile c5a383d3-33354-0-7846541041508317-tmp-tgz tar://C:\Users\MONOLI~1\AppData\Local\Temp\npm-11060-LzgQwMkA\1402641633354-0.7846541041508317\tmp.tgz
42 silly lockFile 3a52ce78- .
43 silly lockFile 3a52ce78- .
44 silly publish { name: 'procecutor',
44 silly publish   version: '0.0.3',
44 silly publish   description: 'environmentally friendly child process pooling for node.js',
44 silly publish   main: 'lib/procecutor.js',
44 silly publish   repository:
44 silly publish    { type: 'git',
44 silly publish      url: 'https://github.com/kvonflotow/procecutor.git' },
44 silly publish   keywords: [ 'child', 'process', 'fork', 'pooling', 'cool', 'awesome' ],
44 silly publish   author: { name: 'kevin von flotow' },
44 silly publish   license: 'MIT',
44 silly publish   bugs: { url: 'https://github.com/kvonflotow/procecutor/issues' },
44 silly publish   homepage: 'https://github.com/kvonflotow/procecutor',
44 silly publish   readme: 'procecutor\r\n==========\r\n\r\nenvironmentally friendly child process pooling for node.js\r\n',
44 silly publish   readmeFilename: 'README.md',
44 silly publish   _id: 'procecutor@0.0.3',
44 silly publish   _shasum: 'e19d3c79f69785430b7ac6937a2be3ebc772e171',
44 silly publish   _from: '.' }
45 verbose url raw procecutor
46 verbose url resolving [ 'https://registry.npmjs.org/', './procecutor' ]
47 verbose url resolved https://registry.npmjs.org/procecutor
48 info trying registry request attempt 1 at 01:40:33
49 http PUT https://registry.npmjs.org/procecutor
50 http 403 https://registry.npmjs.org/procecutor
51 verbose headers { date: 'Fri, 13 Jun 2014 06:40:41 GMT',
51 verbose headers   server: 'CouchDB/1.5.0 (Erlang OTP/R14B04)',
51 verbose headers   'content-type': 'application/json',
51 verbose headers   'cache-control': 'max-age=1',
51 verbose headers   'content-length': '2144',
51 verbose headers   'accept-ranges': 'bytes',
51 verbose headers   via: '1.1 varnish',
51 verbose headers   'x-served-by': 'cache-dfw1822-DFW',
51 verbose headers   'x-cache': 'MISS',
51 verbose headers   'x-cache-hits': '0',
51 verbose headers   'x-timer': 'S1402641641.304446,VS0,VE219',
51 verbose headers   'keep-alive': 'timeout=10, max=50',
51 verbose headers   connection: 'Keep-Alive' }
52 error publish Failed PUT 403
53 error Error: forbidden cannot modify pre-existing version: 0.0.3
53 error old={"name":"procecutor","version":"0.0.3","description":"environmentally friendly child process pooling for node.js","main":"lib/procecutor.js","repository":{"type":"git","url":"https://github.com/kvonflotow/procecutor.git"},"keywords":["child","process","fork","pooling","cool","awesome"],"author":{"name":"kevin von flotow"},"license":"MIT","bugs":{"url":"https://github.com/kvonflotow/procecutor/issues"},"homepage":"https://github.com/kvonflotow/procecutor","_id":"procecutor@0.0.3","_shasum":"e19d3c79f69785430b7ac6937a2be3ebc772e171","_from":".","_npmVersion":"1.4.9","_npmUser":{"name":"kvonflotow","email":"vonflow@gmail.com"},"maintainers":[{"name":"kvonflotow","email":"vonflow@gmail.com"}],"dist":{"shasum":"e19d3c79f69785430b7ac6937a2be3ebc772e171","tarball":"http://registry.npmjs.org/procecutor/-/procecutor-0.0.3.tgz"}}
53 error new={"name":"procecutor","version":"0.0.3","description":"environmentally friendly child process pooling for node.js","main":"lib/procecutor.js","repository":{"type":"git","url":"https://github.com/kvonflotow/procecutor.git"},"keywords":["child","process","fork","pooling","cool","awesome"],"author":{"name":"kevin von flotow"},"license":"MIT","bugs":{"url":"https://github.com/kvonflotow/procecutor/issues"},"homepage":"https://github.com/kvonflotow/procecutor","readme":"procecutor\u000d\u000a==========\u000d\u000a\u000d\u000aenvironmentally friendly child process pooling for node.js\u000d\u000a","readmeFilename":"README.md","_id":"procecutor@0.0.3","_shasum":"e19d3c79f69785430b7ac6937a2be3ebc772e171","_from":".","_npmVersion":"1.4.9","_npmUser":{"name":"kvonflotow","email":"vonflow@gmail.com"},"maintainers":[{"name":"kvonflotow","email":"vonflow@gmail.com"}],"dist":{"shasum":"e19d3c79f69785430b7ac6937a2be3ebc772e171","tarball":"http://registry.npmjs.org/procecutor/-/procecutor-0.0.3.tgz"}}: procecutor
53 error     at RegClient.<anonymous> (c:\Program Files\nodejs\node_modules\npm\node_modules\npm-registry-client\lib\request.js:273:14)
53 error     at Request._callback (c:\Program Files\nodejs\node_modules\npm\node_modules\npm-registry-client\lib\request.js:211:65)
53 error     at Request.self.callback (c:\Program Files\nodejs\node_modules\npm\node_modules\request\request.js:123:22)
53 error     at Request.EventEmitter.emit (events.js:98:17)
53 error     at Request.<anonymous> (c:\Program Files\nodejs\node_modules\npm\node_modules\request\request.js:893:14)
53 error     at Request.EventEmitter.emit (events.js:117:20)
53 error     at IncomingMessage.<anonymous> (c:\Program Files\nodejs\node_modules\npm\node_modules\request\request.js:844:12)
53 error     at IncomingMessage.EventEmitter.emit (events.js:117:20)
53 error     at _stream_readable.js:919:16
53 error     at process._tickCallback (node.js:419:13)
54 error If you need help, you may report this *entire* log,
54 error including the npm and node versions, at:
54 error     <http://github.com/npm/npm/issues>
55 error System Windows_NT 6.1.7601
56 error command "c:\\Program Files\\nodejs\\node.exe" "c:\\Program Files\\nodejs\\node_modules\\npm\\bin\\npm-cli.js" "publish"
57 error cwd c:\gitstuff\procecutor
58 error node -v v0.10.28
59 error npm -v 1.4.9
60 verbose exit [ 1, true ]
